

Version:	3.12
CmdLine:	C:\Users\PcHome\Desktop\setup last\registerAdmin.exe --l4j-debug
WOW64:		yes
Working dir:	C:\Users\PcHome\Desktop\setup last\.
Java min ver:	
Java max ver:	
Bundled JRE:	bin\jre1.8.0_171
Check launcher:	C:\Users\PcHome\Desktop\setup last\bin\jre1.8.0_171\bin\javaw.exe (OK)
Launcher:	C:\Users\PcHome\Desktop\setup last\bin\jre1.8.0_171\bin\javaw.exe
Launcher args:	-jar "C:\Users\PcHome\Desktop\setup last\registerAdmin.exe"
Args length:	59/32768 chars
Exit code:	0


Version:	3.12
CmdLine:	C:\Users\PcHome\Desktop\setup last\registerAdmin.exe --l4j-debug
WOW64:		yes
Working dir:	C:\Users\PcHome\Desktop\setup last\.
Java min ver:	
Java max ver:	
Bundled JRE:	bin\jre1.8.0_171
Check launcher:	C:\Users\PcHome\Desktop\setup last\bin\jre1.8.0_171\bin\javaw.exe (OK)
Launcher:	C:\Users\PcHome\Desktop\setup last\bin\jre1.8.0_171\bin\javaw.exe
Launcher args:	-jar "C:\Users\PcHome\Desktop\setup last\registerAdmin.exe"
Args length:	59/32768 chars
Exit code:	0
